

HI-TECH Software 8051 Macro Assembler V9.60                                Page 1
                                                       Wed Jun 05 19:09:25 2024

     1                           	psect	idata,class=DATA,space=1,limit=0100h
     2                           	psect	irdata,class=DATA,limit=0100h
     3                           	global	_imp
     4                           	signat	_imp,4216
     5                           	global	stack_internal
     6                           	psect	text,class=CODE
     7                           	psect	text
     8                           	file	"E:\WSPR7\project1\main.c"
     9                           	line	7
    10  00003                     _imp:
    11  00003  02 00FA            	j	f1621
    12  00006                     f1620:
    13                           ;main.c: 6: void imp(unsigned int cnt)
    14                           
    15                           ;main.c: 7: {
    16                           
    17                           ;	var   _cnt2 assigned to ?a_imp+0
    18                           ;main.c: 8: unsigned int cnt2 = cnt;
    19                           
    20                           	line	8
    21  00006  8C 26              	mov	?a_imp+0,r4
    22  00008  8D 27              	mov	?a_imp+0+1,r5
    23                           ;main.c: 9: if (flag == 0){
    24                           
    25                           	global	_flag
    26                           ;	var   _cnt assigned to ?a_imp+2
    27                           ;_cnt stored from WR2
    28  0000A  8C 28              	mov	?a_imp+2,r4
    29  0000C  8D 29              	mov	?a_imp+2+1,r5
    30                           	line	9
    31  0000E  E5 23              	mov	a,_flag+1
    32  00010  45 22              	orl	a,_flag
    33  00012  70 02              	bnz	u11
    34  00014  80 02              	jmp	u10
    35  00016                     u11:
    36  00016  80 5D              	jmp	l3
    37  00018                     u10:
    38                           ;main.c: 10: do{
    39                           
    40                           	line	10
    41  00018                     l6:
    42                           ;main.c: 11: if (cnt != 0) {cnt--; P1 = 0x0;}
    43                           
    44                           	line	11
    45  00018  E5 29              	mov	a,?a_imp+2+1
    46  0001A  45 28              	orl	a,?a_imp+2
    47  0001C  60 02              	bz	u21
    48  0001E  80 02              	jmp	u20
    49  00020                     u21:
    50  00020  80 11              	jmp	l7
    51  00022                     u20:
    52  00022  E5 29              	mov	a,?a_imp+2+1
    53  00024  24 FF              	add	a,#low (-01h)
    54  00026  F5 29              	mov	?a_imp+2+1,a
    55  00028  E5 28              	mov	a,?a_imp+2
    56  0002A  34 FF              	addc	a,#high (-01h)
    57  0002C  F5 28              	mov	?a_imp+2,a
    58  0002E  75 90 00           	mov	090h,#0
    59  00031  80 39              	jmp	l8
    60                           	line	12
    61  00033                     l7:
    62                           ;main.c: 12: else {
    63                           
    64                           ;main.c: 13: P1 = brrr;
    65                           
    66                           	global	_brrr
    67                           	line	13
    68  00033  79 21              	mov	r1,#_brrr+01h
    69  00035  87 90              	mov	090h,@r1
    70                           ;main.c: 14: rrrb++;
    71                           
    72                           	global	_rrrb
    73                           	line	14
    74  00037  05 25              	inc	_rrrb+1
    75  00039  E5 25              	mov	a,_rrrb+1
    76  0003B  70 02              	jnz	u30
    77  0003D  05 24              	inc	_rrrb
    78  0003F                     u30:
    79                           ;main.c: 15: if (rrrb >= 4) {
    80                           
    81                           	line	15
    82  0003F  E5 25              	mov	a,_rrrb+1
    83  00041  24 FC              	add	a,#low -(4)
    84  00043  E5 24              	mov	a,_rrrb
    85  00045  64 80              	xrl	a,#80h
    86  00047  34 7F              	addc	a,#(high -(4))xor 80h
    87  00049  50 02              	bnc	u41
    88  0004B  80 02              	jmp	u40
    89  0004D                     u41:
    90  0004D  80 1D              	jmp	l9
    91  0004F                     u40:
    92                           ;main.c: 16: rrrb = 0;
    93                           
    94                           	line	16
    95  0004F  E4                 	clr	a
    96  00050  F5 24              	mov	_rrrb,a
    97  00052  F5 25              	mov	_rrrb+1,a
    98                           ;main.c: 17: brrr += 0x1;
    99                           
   100                           	line	17
   101  00054  05 21              	inc	_brrr+1
   102  00056  E5 21              	mov	a,_brrr+1
   103  00058  70 02              	jnz	u50
   104  0005A  05 20              	inc	_brrr
   105  0005C                     u50:
   106                           ;main.c: 18: if (brrr == 0xFF) break;
   107                           
   108                           	line	18
   109  0005C  E5 21              	mov	a,_brrr+1
   110  0005E  B4 FF 07           	cbne	a,#low (255),u61
   111  00061  E5 20              	mov	a,_brrr
   112  00063  B4 00 02           	cbne	a,#high (255),u61
   113  00066  80 02              	jmp	u60
   114  00068                     u61:
   115  00068  80 02              	jmp	l10
   116  0006A                     u60:
   117  0006A  80 07              	jmp	l5
   118  0006C                     l10:
   119                           	line	19
   120  0006C                     l9:
   121                           	line	20
   122  0006C                     l8:
   123                           ;main.c: 19: }
   124                           
   125                           ;main.c: 20: }
   126                           
   127                           ;main.c: 21: }
   128                           
   129                           ;main.c: 22: while (TF2 == 0);
   130                           
   131                           	line	22
   132  0006C  30 CF 02           	bnb	t2con.7, u71
   133  0006F  80 02              	jmp	u70
   134  00071                     u71:
   135  00071  80 A5              	jmp	l6
   136  00073                     u70:
   137  00073                     l5:
   138                           ;main.c: 23: }
   139                           
   140                           	line	23
   141  00073  80 69              	jmp	l11
   142                           	line	24
   143  00075                     l3:
   144                           ;main.c: 24: else if (flag == 1){
   145                           
   146  00075  E5 23              	mov	a,_flag+1
   147  00077  B4 01 07           	cbne	a,#low (1),u81
   148  0007A  E5 22              	mov	a,_flag
   149  0007C  B4 00 02           	cbne	a,#high (1),u81
   150  0007F  80 02              	jmp	u80
   151  00081                     u81:
   152  00081  80 5B              	jmp	l12
   153  00083                     u80:
   154                           ;main.c: 25: do{
   155                           
   156                           	line	25
   157  00083                     l15:
   158                           ;main.c: 26: if (cnt != 0) {cnt--; P1 = 0x0;}
   159                           
   160                           	line	26
   161  00083  E5 29              	mov	a,?a_imp+2+1
   162  00085  45 28              	orl	a,?a_imp+2
   163  00087  60 02              	bz	u91
   164  00089  80 02              	jmp	u90
   165  0008B                     u91:
   166  0008B  80 11              	jmp	l16
   167  0008D                     u90:
   168  0008D  E5 29              	mov	a,?a_imp+2+1
   169  0008F  24 FF              	add	a,#low (-01h)
   170  00091  F5 29              	mov	?a_imp+2+1,a
   171  00093  E5 28              	mov	a,?a_imp+2
   172  00095  34 FF              	addc	a,#high (-01h)
   173  00097  F5 28              	mov	?a_imp+2,a
   174  00099  75 90 00           	mov	090h,#0
   175  0009C  80 39              	jmp	l17
   176                           	line	27
   177  0009E                     l16:
   178                           ;main.c: 27: else {
   179                           
   180                           ;main.c: 28: P1 = brrr;
   181                           
   182                           	line	28
   183  0009E  79 21              	mov	r1,#_brrr+01h
   184  000A0  87 90              	mov	090h,@r1
   185                           ;main.c: 29: rrrb++;
   186                           
   187                           	line	29
   188  000A2  05 25              	inc	_rrrb+1
   189  000A4  E5 25              	mov	a,_rrrb+1
   190  000A6  70 02              	jnz	u100
   191  000A8  05 24              	inc	_rrrb
   192  000AA                     u100:
   193                           ;main.c: 30: if (rrrb >= 5) {
   194                           
   195                           	line	30
   196  000AA  E5 25              	mov	a,_rrrb+1
   197  000AC  24 FB              	add	a,#low -(5)
   198  000AE  E5 24              	mov	a,_rrrb
   199  000B0  64 80              	xrl	a,#80h
   200  000B2  34 7F              	addc	a,#(high -(5))xor 80h
   201  000B4  50 02              	bnc	u111
   202  000B6  80 02              	jmp	u110
   203  000B8                     u111:
   204  000B8  80 1D              	jmp	l18
   205  000BA                     u110:
   206                           ;main.c: 31: rrrb = 0;
   207                           
   208                           	line	31
   209  000BA  E4                 	clr	a
   210  000BB  F5 24              	mov	_rrrb,a
   211  000BD  F5 25              	mov	_rrrb+1,a
   212                           ;main.c: 32: brrr += 0x1;
   213                           
   214                           	line	32
   215  000BF  05 21              	inc	_brrr+1
   216  000C1  E5 21              	mov	a,_brrr+1
   217  000C3  70 02              	jnz	u120
   218  000C5  05 20              	inc	_brrr
   219  000C7                     u120:
   220                           ;main.c: 33: if (brrr == 0xFF) break;
   221                           
   222                           	line	33
   223  000C7  E5 21              	mov	a,_brrr+1
   224  000C9  B4 FF 07           	cbne	a,#low (255),u131
   225  000CC  E5 20              	mov	a,_brrr
   226  000CE  B4 00 02           	cbne	a,#high (255),u131
   227  000D1  80 02              	jmp	u130
   228  000D3                     u131:
   229  000D3  80 02              	jmp	l19
   230  000D5                     u130:
   231  000D5  80 07              	jmp	l14
   232  000D7                     l19:
   233                           	line	34
   234  000D7                     l18:
   235                           	line	35
   236  000D7                     l17:
   237                           ;main.c: 34: }
   238                           
   239                           ;main.c: 35: }
   240                           
   241                           ;main.c: 36: }
   242                           
   243                           ;main.c: 37: while (TF2 == 0);
   244                           
   245                           	line	37
   246  000D7  30 CF 02           	bnb	t2con.7, u141
   247  000DA  80 02              	jmp	u140
   248  000DC                     u141:
   249  000DC  80 A5              	jmp	l15
   250  000DE                     u140:
   251  000DE                     l14:
   252                           	line	38
   253  000DE                     l12:
   254                           	line	39
   255  000DE                     l11:
   256                           ;main.c: 38: }
   257                           
   258                           ;main.c: 39: TF2 = 0;
   259                           
   260  000DE  C2 CF              	clr	t2con.7
   261                           ;main.c: 40: if (P00 == 1) {flag = 1;}
   262                           
   263                           	line	40
   264  000E0  30 80 02           	bnb	p0.0, u151
   265  000E3  80 02              	jmp	u150
   266  000E5                     u151:
   267  000E5  80 06              	jmp	l20
   268  000E7                     u150:
   269  000E7  75 22  00          	mov	_flag,#high(1)
   270  000EA  75 23  01          	mov	_flag+1,#low(1)
   271  000ED                     l20:
   272                           ;main.c: 41: if (P01 == 1) {flag = 0;}
   273                           
   274                           	line	41
   275  000ED  30 81 02           	bnb	p0.1, u161
   276  000F0  80 02              	jmp	u160
   277  000F2                     u161:
   278  000F2  80 05              	jmp	l21
   279  000F4                     u160:
   280  000F4  E4                 	clr	a
   281  000F5  F5 22              	mov	_flag,a
   282  000F7  F5 23              	mov	_flag+1,a
   283  000F9                     l21:
   284                           ;main.c: 42: }
   285                           
   286                           	line	42
   287  000F9                     l2:
   288  000F9  22                 	ret
   289  000FA                     f1621:
   290  000FA  02 0006            	j	f1620
   291                           	FNSIZE	_imp,4,0
   292                           	global	?a_imp
   293  0000                     f1622	equ	0
   294                           	global	_main
   295                           	signat	_main,88
   296                           	line	45
   297  000FD                     _main:
   298  000FD  80 60              	j	f1631
   299  000FF                     f1630:
   300                           ;main.c: 44: void main()
   301                           
   302                           ;main.c: 45: {
   303                           
   304                           ;main.c: 46: flag = 0;
   305                           
   306                           	line	46
   307  000FF  E4                 	clr	a
   308  00100  F5 22              	mov	_flag,a
   309  00102  F5 23              	mov	_flag+1,a
   310                           ;main.c: 47: brrr = 0x0;
   311                           
   312                           	line	47
   313  00104  E4                 	clr	a
   314  00105  F5 20              	mov	_brrr,a
   315  00107  F5 21              	mov	_brrr+1,a
   316                           ;main.c: 49: P1 = 0xFE;
   317                           
   318                           	line	49
   319  00109  75 90 FE           	mov	090h,#254
   320                           ;main.c: 50: RCAP2H = 0x29;
   321                           
   322                           	line	50
   323  0010C  75 CB 29           	mov	0CBh,#41
   324                           ;main.c: 51: RCAP2L = 0x28;
   325                           
   326                           	line	51
   327  0010F  75 CA 28           	mov	0CAh,#40
   328                           ;main.c: 53: T2CON &= 0xFC;
   329                           
   330                           	line	53
   331  00112  53 C8 FC           	anl	0C8h,#-4
   332                           ;main.c: 54: ET2 = 1;
   333                           
   334                           	line	54
   335  00115  D2 AD              	setb	ie.5
   336                           ;main.c: 55: EA = 1;
   337                           
   338                           	line	55
   339  00117  D2 AF              	setb	ie.7
   340                           ;main.c: 56: T2CON |= 0x4;
   341                           
   342                           	line	56
   343  00119  D2 CA              	setb	t2con.2
   344                           ;main.c: 58: while(1)
   345                           
   346                           	line	58
   347  0011B                     l24:
   348                           ;main.c: 59: {
   349                           
   350                           ;main.c: 60: if (flag == 1) {imp(900);}
   351                           
   352                           	line	60
   353  0011B  E5 23              	mov	a,_flag+1
   354  0011D  B4 01 07           	cbne	a,#low (1),u171
   355  00120  E5 22              	mov	a,_flag
   356  00122  B4 00 02           	cbne	a,#high (1),u171
   357  00125  80 02              	jmp	u170
   358  00127                     u171:
   359  00127  80 09              	jmp	l26
   360  00129                     u170:
   361                           	FNCALL	_main,_imp
   362  00129  7C 03              	mov	r4,#high (900)
   363  0012B  7D 84              	mov	r5,#low (900)
   364  0012D  12 0003            	lcall	_imp
   365                           
   366  00130  80 07              	jmp	l27
   367                           	line	62
   368  00132                     l26:
   369                           ;main.c: 62: else imp(1200);
   370                           
   371  00132  7C 04              	mov	r4,#high (1200)
   372  00134  7D B0              	mov	r5,#low (1200)
   373  00136  12 0003            	lcall	_imp
   374                           
   375  00139                     l27:
   376                           ;main.c: 64: brrr = 0x0;
   377                           
   378                           	line	64
   379  00139  E4                 	clr	a
   380  0013A  F5 20              	mov	_brrr,a
   381  0013C  F5 21              	mov	_brrr+1,a
   382                           ;main.c: 65: rrrb = 0;
   383                           
   384                           	line	65
   385  0013E  E4                 	clr	a
   386  0013F  F5 24              	mov	_rrrb,a
   387  00141  F5 25              	mov	_rrrb+1,a
   388                           ;main.c: 66: if (P00 == 1) {flag = 1;}
   389                           
   390                           	line	66
   391  00143  30 80 02           	bnb	p0.0, u181
   392  00146  80 02              	jmp	u180
   393  00148                     u181:
   394  00148  80 06              	jmp	l28
   395  0014A                     u180:
   396  0014A  75 22  00          	mov	_flag,#high(1)
   397  0014D  75 23  01          	mov	_flag+1,#low(1)
   398  00150                     l28:
   399                           ;main.c: 67: if (P01 == 1) {flag = 0;}
   400                           
   401                           	line	67
   402  00150  30 81 02           	bnb	p0.1, u191
   403  00153  80 02              	jmp	u190
   404  00155                     u191:
   405  00155  80 05              	jmp	l29
   406  00157                     u190:
   407  00157  E4                 	clr	a
   408  00158  F5 22              	mov	_flag,a
   409  0015A  F5 23              	mov	_flag+1,a
   410  0015C                     l29:
   411                           	line	68
   412  0015C                     l23:
   413                           	line	58
   414  0015C  80 BD              	jmp	l24
   415  0015E                     l25:
   416                           ;main.c: 68: }
   417                           
   418                           ;main.c: 69: }
   419                           
   420                           	line	69
   421  0015E                     l22:
   422  0015E  22                 	ret
   423  0015F                     f1631:
   424  0015F  80 9E              	j	f1630
   425  0000                     f1632	equ	0
   426  0000                     _A10	equ	162
   427  0000                     _A11	equ	163
   428  0000                     _A12	equ	164
   429  0000                     _A13	equ	165
   430  0000                     _A14	equ	166
   431  0000                     _A15	equ	167
   432  0000                     _A8	equ	160
   433  0000                     _A9	equ	161
   434  0000                     _AC	equ	214
   435  0000                     _ACC0	equ	224
   436  0000                     _ACC1	equ	225
   437  0000                     _ACC2	equ	226
   438  0000                     _ACC3	equ	227
   439  0000                     _ACC4	equ	228
   440  0000                     _ACC5	equ	229
   441  0000                     _ACC6	equ	230
   442  0000                     _ACC7	equ	231
   443  0000                     _AD0	equ	128
   444  0000                     _AD1	equ	129
   445  0000                     _AD2	equ	130
   446  0000                     _AD3	equ	131
   447  0000                     _AD4	equ	132
   448  0000                     _AD5	equ	133
   449  0000                     _AD6	equ	134
   450  0000                     _AD7	equ	135
   451  0000                     _B0	equ	240
   452  0000                     _B1	equ	241
   453  0000                     _B2	equ	242
   454  0000                     _B3	equ	243
   455  0000                     _B4	equ	244
   456  0000                     _B5	equ	245
   457  0000                     _B6	equ	246
   458  0000                     _B7	equ	247
   459  0000                     _CPRL2	equ	200
   460  0000                     _CT2	equ	201
   461  0000                     _CY	equ	215
   462  0000                     _EA	equ	175
   463  0000                     _ES	equ	172
   464  0000                     _ET0	equ	169
   465  0000                     _ET1	equ	171
   466  0000                     _ET2	equ	173
   467  0000                     _EX0	equ	168
   468  0000                     _EX1	equ	170
   469  0000                     _EXEN2	equ	203
   470  0000                     _EXF2	equ	206
   471  0000                     _F0	equ	213
   472  0000                     _IE0	equ	137
   473  0000                     _IE1	equ	139
   474  0000                     _INT0	equ	178
   475  0000                     _INT1	equ	179
   476  0000                     _IT0	equ	136
   477  0000                     _IT1	equ	138
   478  0000                     _OV	equ	210
   479  0000                     _P	equ	208
   480  0000                     _P00	equ	128
   481  0000                     _P01	equ	129
   482  0000                     _P02	equ	130
   483  0000                     _P03	equ	131
   484  0000                     _P04	equ	132
   485  0000                     _P05	equ	133
   486  0000                     _P06	equ	134
   487  0000                     _P07	equ	135
   488  0000                     _P10	equ	144
   489  0000                     _P11	equ	145
   490  0000                     _P12	equ	146
   491  0000                     _P13	equ	147
   492  0000                     _P14	equ	148
   493  0000                     _P15	equ	149
   494  0000                     _P16	equ	150
   495  0000                     _P17	equ	151
   496  0000                     _P20	equ	160
   497  0000                     _P21	equ	161
   498  0000                     _P22	equ	162
   499  0000                     _P23	equ	163
   500  0000                     _P24	equ	164
   501  0000                     _P25	equ	165
   502  0000                     _P26	equ	166
   503  0000                     _P27	equ	167
   504  0000                     _P30	equ	176
   505  0000                     _P31	equ	177
   506  0000                     _P32	equ	178
   507  0000                     _P33	equ	179
   508  0000                     _P34	equ	180
   509  0000                     _P35	equ	181
   510  0000                     _P36	equ	182
   511  0000                     _P37	equ	183
   512  0000                     _PS	equ	188
   513  0000                     _PT0	equ	185
   514  0000                     _PT1	equ	187
   515  0000                     _PT2	equ	189
   516  0000                     _PX0	equ	184
   517  0000                     _PX1	equ	186
   518  0000                     _RB8	equ	154
   519  0000                     _RCLK	equ	205
   520  0000                     _RD	equ	183
   521  0000                     _REN	equ	156
   522  0000                     _RI	equ	152
   523  0000                     _RS0	equ	211
   524  0000                     _RS1	equ	212
   525  0000                     _RXD	equ	176
   526  0000                     _SM0	equ	159
   527  0000                     _SM1	equ	158
   528  0000                     _SM2	equ	157
   529  0000                     _T0	equ	180
   530  0000                     _T1	equ	181
   531  0000                     _T2	equ	144
   532  0000                     _T2EX	equ	145
   533  0000                     _TB8	equ	155
   534  0000                     _TCLK	equ	204
   535  0000                     _TF0	equ	141
   536  0000                     _TF1	equ	143
   537  0000                     _TF2	equ	207
   538  0000                     _TI	equ	153
   539  0000                     _TR0	equ	140
   540  0000                     _TR1	equ	142
   541  0000                     _TR2	equ	202
   542  0000                     _TXD	equ	177
   543  0000                     _WR	equ	182
   544  0000                     _ACC	equ	224
   545  0000                     _B	equ	240
   546  0000                     _DPH	equ	131
   547  0000                     _DPL	equ	130
   548  0000                     _IE	equ	168
   549  0000                     _IP	equ	184
   550  0000                     _P0	equ	128
   551  0000                     _P1	equ	144
   552  0000                     _P2	equ	160
   553  0000                     _P3	equ	176
   554  0000                     _PCON	equ	135
   555  0000                     _PSW	equ	208
   556  0000                     _RCAP2H	equ	203
   557  0000                     _RCAP2L	equ	202
   558  0000                     _SBUF	equ	153
   559  0000                     _SCON	equ	152
   560  0000                     _SP	equ	129
   561  0000                     _T2CON	equ	200
   562  0000                     _TCON	equ	136
   563  0000                     _TH0	equ	140
   564  0000                     _TH1	equ	141
   565  0000                     _TH2	equ	205
   566  0000                     _TL0	equ	138
   567  0000                     _TL1	equ	139
   568  0000                     _TL2	equ	204
   569  0000                     _TMOD	equ	137
   570  0000                     _ACC_BITS	equ	224
   571  0000                     _B_BITS	equ	240
   572  0000                     _IE_BITS	equ	168
   573  0000                     _IP_BITS	equ	184
   574  0000                     _P0_BITS	equ	128
   575  0000                     _P1_BITS	equ	144
   576  0000                     _P2_BITS	equ	160
   577  0000                     _P3_BITS	equ	176
   578  0000                     _PCON_BITS	equ	135
   579  0000                     _PSW_BITS	equ	208
   580  0000                     _SCON_BITS	equ	152
   581  0000                     _T2CON_BITS	equ	200
   582  0000                     _TCON_BITS	equ	136
   583  0000                     _TMOD_BITS	equ	137
   584                           	psect	rbss,class=DATA,space=1
   585                           	psect	rbss
   586                           	global	_brrr
   587  00020                     _brrr:
   588  00020                     	ds	2
   589                           	global	_flag
   590  00022                     _flag:
   591  00022                     	ds	2
   592                           	global	_rrrb
   593  00024                     _rrrb:
   594  00024                     	ds	2


HI-TECH Software 8051 Macro Assembler V9.60                                Page 2
Symbol Table                                           Wed Jun 05 19:09:25 2024

            _B 000F0              l2 000F9              l3 00075  
            l5 00073              _P 000D0              l6 00018  
            l7 00033              l8 0006C              l9 0006C  
           _B0 000F0             _B1 000F1             _B2 000F2  
           _B3 000F3             _B4 000F4             _B5 000F5  
           _B6 000F6             _A8 000A0             _B7 000F7  
           _A9 000A1             _F0 000D5             _AC 000D6  
           l10 0006C             l11 000DE             l20 000ED  
           l12 000DE             l21 000F9             l22 0015E  
           l14 000DE             _EA 000AF             l23 0015C  
           l15 00083             l24 0011B             l16 0009E  
           l25 0015E             l17 000D7             l26 00132  
           l18 000D7             l27 00139             l19 000D7  
           _P0 00080             l28 00150             _P1 00090  
           l29 0015C             _P2 000A0             _P3 000B0  
           _IE 000A8             _T0 000B4             _T1 000B5  
           _T2 00090             _ES 000AC             _CY 000D7  
           _IP 000B8             _RD 000B7             u10 00018  
           u11 00016             u20 00022             _RI 00098  
           u21 00020             u30 0003F             u40 0004F  
           _TI 00099             u41 0004D             u50 0005C  
           _PS 000BC             _OV 000D2             u60 0006A  
           u61 00068             _SP 00081             u70 00073  
           u71 00071             u80 00083             u81 00081  
           u90 0008D             u91 0008B             _WR 000B6  
       _B_BITS 000F0         _RCAP2H 000CB         _RCAP2L 000CA  
          _A10 000A2            _A11 000A3            _A12 000A4  
          _A13 000A5            _A14 000A6            _A15 000A7  
          _AD0 00080            _AD1 00081            _AD2 00082  
          _AD3 00083            _AD4 00084            _AD5 00085  
          _AD6 00086            _AD7 00087            _ACC 000E0  
          _P00 00080            _P01 00081            _P10 00090  
          _P02 00082            _P11 00091            _P03 00083  
          _P20 000A0            _P12 00092            _P04 00084  
          _P21 000A1            _P13 00093            _P05 00085  
          _P30 000B0            _P22 000A2            _P14 00094  
          _P06 00086            _P31 000B1            _P23 000A3  
          _P15 00095            _P07 00087            _P32 000B2  
          _P24 000A4            _P16 00096            _P33 000B3  
          _P25 000A5            _P17 00097            _P34 000B4  
          _P26 000A6            _P35 000B5            _P27 000A7  
          _P36 000B6            _P37 000B7            _IE0 00089  
          _IE1 0008B            _CT2 000C9            _ET0 000A9  
          _ET1 000AB            _ET2 000AD            _EX0 000A8  
          _EX1 000AA            _DPH 00083            _DPL 00082  
          _IT0 00088            _IT1 0008A            _RB8 0009A  
          u100 000AA            u110 000BA            u111 000B8  
          u120 000C7            u130 000D5            u131 000D3  
          _TF0 0008D            _TB8 0009B            u140 000DE  
          _TF1 0008F            u141 000DC            _TF2 000CF  
          u150 000E7            u151 000E5            _TH0 0008C  
          u160 000F4            _TH1 0008D            u161 000F2  
          _TH2 000CD            u170 00129            u171 00127  
          u180 0014A            u181 00148            _SM0 0009F  
          u190 00157            _SM1 0009E            u191 00155  
          _TL0 0008A            _SM2 0009D            _PT0 000B9  
          _TL1 0008B            _PT1 000BB            _TL2 000CC  
          _PT2 000BD            _RS0 000D3            _RS1 000D4  
          _REN 0009C            _PX0 000B8            _PX1 000BA  
          _TR0 0008C            _TR1 0008E            _TR2 000CA  
          _RXD 000B0            _PSW 000D0            _TXD 000B1  
      _P0_BITS 00080        _P1_BITS 00090        _P2_BITS 000A0  
      _P3_BITS 000B0            _imp 00003        _IE_BITS 000A8  
     _ACC_BITS 000E0     _T2CON_BITS 000C8        _IP_BITS 000B8  
         f1620 00006           f1621 000FA           f1630 000FF  
         f1622 00000           f1631 0015F           f1632 00000  
         _ACC0 000E0           _ACC1 000E1           _ACC2 000E2  
         _ACC3 000E3           _ACC4 000E4           _ACC5 000E5  
         _ACC6 000E6           _ACC7 000E7  stack_internal 00001  
         _EXF2 000CE           _T2EX 00091           _INT0 000B2  
         _INT1 000B3           _PCON 00087           _RCLK 000CD  
         _TCLK 000CC           _SCON 00098           _SBUF 00099  
         _TCON 00088           _TMOD 00089           _flag 00022  
         _main 000FD           _brrr 00020           _rrrb 00024  
        ?a_imp 00026       _PSW_BITS 000D0          _CPRL2 000C8  
        _T2CON 000C8          _EXEN2 000CB      _PCON_BITS 00087  
    _SCON_BITS 00098      _TCON_BITS 00088      _TMOD_BITS 00089  
